<?xml version="1.0" encoding="UTF-8"?>
<!-- Generated by org.testng.reporters.JUnitXMLReporter -->
<testsuite ignored="0" hostname="Mapletech" failures="0" tests="4" name="Test" time="0.081" errors="0" timestamp="2023-03-10T14:47:07 IST">
  <testcase classname="com.gitPractise.JenkinPractiseTest1" name="test1" time="0.011"/>
  <testcase classname="com.gitPractise.JenkinPractiseTest1" name="test2" time="0.003"/>
  <testcase classname="com.gitPractise.JenkinPractiseTest2" name="test1" time="0.001"/>
  <testcase classname="com.gitPractise.JenkinPractiseTest2" name="test2" time="0.009"/>
</testsuite> <!-- Test -->
