<?xml version="1.0" encoding="UTF-8"?>
<!-- Generated by org.testng.reporters.JUnitXMLReporter -->
<testsuite hostname="Mapletech" ignored="0" name="Test" tests="4" failures="0" timestamp="2023-03-10T15:33:19 IST" time="0.063" errors="0">
  <testcase name="test1" time="0.006" classname="com.gitPractise.JenkinPractiseTest1"/>
  <testcase name="test2" time="0.0" classname="com.gitPractise.JenkinPractiseTest1"/>
  <testcase name="test1" time="0.0" classname="com.gitPractise.JenkinPractiseTest2"/>
  <testcase name="test2" time="0.0" classname="com.gitPractise.JenkinPractiseTest2"/>
</testsuite> <!-- Test -->
