<?xml version="1.0" encoding="UTF-8"?>
<testng-results skipped="0" failed="0" ignored="0" total="4" passed="4">
  <reporter-output>
  </reporter-output>
  <suite name="Suite" duration-ms="54" started-at="2023-03-10T14:57:52 IST" finished-at="2023-03-10T14:57:52 IST">
    <groups>
    </groups>
    <test name="Test" duration-ms="54" started-at="2023-03-10T14:57:52 IST" finished-at="2023-03-10T14:57:52 IST">
      <class name="com.gitPractise.JenkinPractiseTest2">
        <test-method status="PASS" signature="test1()[pri:0, instance:com.gitPractise.JenkinPractiseTest2@26aa12dd]" name="test1" duration-ms="0" started-at="2023-03-10T14:57:52 IST" finished-at="2023-03-10T14:57:52 IST">
          <reporter-output>
          </reporter-output>
        </test-method> <!-- test1 -->
        <test-method status="PASS" signature="test2()[pri:0, instance:com.gitPractise.JenkinPractiseTest2@26aa12dd]" name="test2" duration-ms="1" started-at="2023-03-10T14:57:52 IST" finished-at="2023-03-10T14:57:52 IST">
          <reporter-output>
          </reporter-output>
        </test-method> <!-- test2 -->
      </class> <!-- com.gitPractise.JenkinPractiseTest2 -->
      <class name="com.gitPractise.JenkinPractiseTest1">
        <test-method status="PASS" signature="test1()[pri:0, instance:com.gitPractise.JenkinPractiseTest1@5e853265]" name="test1" duration-ms="7" started-at="2023-03-10T14:57:52 IST" finished-at="2023-03-10T14:57:52 IST">
          <reporter-output>
          </reporter-output>
        </test-method> <!-- test1 -->
        <test-method status="PASS" signature="test2()[pri:0, instance:com.gitPractise.JenkinPractiseTest1@5e853265]" name="test2" duration-ms="0" started-at="2023-03-10T14:57:52 IST" finished-at="2023-03-10T14:57:52 IST">
          <reporter-output>
          </reporter-output>
        </test-method> <!-- test2 -->
      </class> <!-- com.gitPractise.JenkinPractiseTest1 -->
    </test> <!-- Test -->
  </suite> <!-- Suite -->
</testng-results>
