<?xml version="1.0" encoding="UTF-8"?>
<testng-results ignored="0" total="4" passed="4" failed="0" skipped="0">
  <reporter-output>
  </reporter-output>
  <suite started-at="2023-03-10T14:47:07 IST" name="Suite" finished-at="2023-03-10T14:47:07 IST" duration-ms="81">
    <groups>
    </groups>
    <test started-at="2023-03-10T14:47:07 IST" name="Test" finished-at="2023-03-10T14:47:07 IST" duration-ms="81">
      <class name="com.gitPractise.JenkinPractiseTest2">
        <test-method signature="test1()[pri:0, instance:com.gitPractise.JenkinPractiseTest2@14555e0a]" started-at="2023-03-10T14:47:07 IST" name="test1" finished-at="2023-03-10T14:47:07 IST" duration-ms="1" status="PASS">
          <reporter-output>
          </reporter-output>
        </test-method> <!-- test1 -->
        <test-method signature="test2()[pri:0, instance:com.gitPractise.JenkinPractiseTest2@14555e0a]" started-at="2023-03-10T14:47:07 IST" name="test2" finished-at="2023-03-10T14:47:07 IST" duration-ms="9" status="PASS">
          <reporter-output>
          </reporter-output>
        </test-method> <!-- test2 -->
      </class> <!-- com.gitPractise.JenkinPractiseTest2 -->
      <class name="com.gitPractise.JenkinPractiseTest1">
        <test-method signature="test1()[pri:0, instance:com.gitPractise.JenkinPractiseTest1@6c130c45]" started-at="2023-03-10T14:47:07 IST" name="test1" finished-at="2023-03-10T14:47:07 IST" duration-ms="11" status="PASS">
          <reporter-output>
          </reporter-output>
        </test-method> <!-- test1 -->
        <test-method signature="test2()[pri:0, instance:com.gitPractise.JenkinPractiseTest1@6c130c45]" started-at="2023-03-10T14:47:07 IST" name="test2" finished-at="2023-03-10T14:47:07 IST" duration-ms="3" status="PASS">
          <reporter-output>
          </reporter-output>
        </test-method> <!-- test2 -->
      </class> <!-- com.gitPractise.JenkinPractiseTest1 -->
    </test> <!-- Test -->
  </suite> <!-- Suite -->
</testng-results>
